{"C:\\Users\\gabri\\Projetos\\myCocktail\\src\\enviroments.js": {"path":"C:\\Users\\gabri\\Projetos\\myCocktail\\src\\enviroments.js","statementMap":{"0":{"start":{"line":1,"column":16},"end":{"line":1,"column":61}},"1":{"start":{"line":3,"column":19},"end":{"line":8,"column":1}}},"fnMap":{},"branchMap":{},"s":{"0":2,"1":2},"f":{},"b":{},"_coverageSchema":"43e27e138ebf9cfc5966b082cf9a028302ed4184","hash":"981a6f0f69748223b5c9d6ea814df5ee7f6aab85"}
,"C:\\Users\\gabri\\Projetos\\myCocktail\\src\\pages\\mainActions.js": {"path":"C:\\Users\\gabri\\Projetos\\myCocktail\\src\\pages\\mainActions.js","statementMap":{"0":{"start":{"line":4,"column":27},"end":{"line":33,"column":1}},"1":{"start":{"line":4,"column":41},"end":{"line":33,"column":1}},"2":{"start":{"line":5,"column":2},"end":{"line":32,"column":3}},"3":{"start":{"line":7,"column":4},"end":{"line":9,"column":7}},"4":{"start":{"line":11,"column":33},"end":{"line":11,"column":60}},"5":{"start":{"line":13,"column":4},"end":{"line":16,"column":7}},"6":{"start":{"line":18,"column":4},"end":{"line":18,"column":54}},"7":{"start":{"line":21,"column":4},"end":{"line":27,"column":7}},"8":{"start":{"line":29,"column":4},"end":{"line":31,"column":7}}},"fnMap":{"0":{"name":"(anonymous_0)","decl":{"start":{"line":4,"column":27},"end":{"line":4,"column":28}},"loc":{"start":{"line":4,"column":41},"end":{"line":33,"column":1}},"line":4},"1":{"name":"(anonymous_1)","decl":{"start":{"line":4,"column":41},"end":{"line":4,"column":42}},"loc":{"start":{"line":4,"column":59},"end":{"line":33,"column":1}},"line":4}},"branchMap":{},"s":{"0":1,"1":2,"2":2,"3":2,"4":2,"5":1,"6":1,"7":1,"8":2},"f":{"0":2,"1":2},"b":{},"_coverageSchema":"43e27e138ebf9cfc5966b082cf9a028302ed4184","hash":"409c25e68838e8fad0b21c9da22424b8a819b976"}
,"C:\\Users\\gabri\\Projetos\\myCocktail\\src\\pages\\mainReducer.js": {"path":"C:\\Users\\gabri\\Projetos\\myCocktail\\src\\pages\\mainReducer.js","statementMap":{"0":{"start":{"line":1,"column":22},"end":{"line":9,"column":1}},"1":{"start":{"line":11,"column":20},"end":{"line":45,"column":1}},"2":{"start":{"line":12,"column":2},"end":{"line":44,"column":3}},"3":{"start":{"line":14,"column":6},"end":{"line":14,"column":40}},"4":{"start":{"line":17,"column":6},"end":{"line":17,"column":41}},"5":{"start":{"line":20,"column":6},"end":{"line":20,"column":52}},"6":{"start":{"line":23,"column":6},"end":{"line":30,"column":7}},"7":{"start":{"line":33,"column":6},"end":{"line":40,"column":7}},"8":{"start":{"line":43,"column":6},"end":{"line":43,"column":19}}},"fnMap":{"0":{"name":"(anonymous_0)","decl":{"start":{"line":11,"column":20},"end":{"line":11,"column":21}},"loc":{"start":{"line":11,"column":55},"end":{"line":45,"column":1}},"line":11}},"branchMap":{"0":{"loc":{"start":{"line":11,"column":21},"end":{"line":11,"column":42}},"type":"default-arg","locations":[{"start":{"line":11,"column":29},"end":{"line":11,"column":42}}],"line":11},"1":{"loc":{"start":{"line":12,"column":2},"end":{"line":44,"column":3}},"type":"switch","locations":[{"start":{"line":13,"column":4},"end":{"line":14,"column":40}},{"start":{"line":16,"column":4},"end":{"line":17,"column":41}},{"start":{"line":19,"column":4},"end":{"line":20,"column":52}},{"start":{"line":22,"column":4},"end":{"line":30,"column":7}},{"start":{"line":32,"column":4},"end":{"line":40,"column":7}},{"start":{"line":42,"column":4},"end":{"line":43,"column":19}}],"line":12}},"s":{"0":1,"1":1,"2":6,"3":1,"4":1,"5":1,"6":1,"7":1,"8":1},"f":{"0":6},"b":{"0":[5],"1":[1,1,1,1,1,1]},"_coverageSchema":"43e27e138ebf9cfc5966b082cf9a028302ed4184","hash":"ce5d6270faa8d5baa0736f70be3bb6067f8ee0c8"}
,"C:\\Users\\gabri\\Projetos\\myCocktail\\src\\pages\\List\\listActions.js": {"path":"C:\\Users\\gabri\\Projetos\\myCocktail\\src\\pages\\List\\listActions.js","statementMap":{"0":{"start":{"line":6,"column":28},"end":{"line":49,"column":1}},"1":{"start":{"line":6,"column":36},"end":{"line":49,"column":1}},"2":{"start":{"line":7,"column":2},"end":{"line":48,"column":3}},"3":{"start":{"line":8,"column":4},"end":{"line":8,"column":34}},"4":{"start":{"line":9,"column":4},"end":{"line":12,"column":7}},"5":{"start":{"line":14,"column":33},"end":{"line":14,"column":83}},"6":{"start":{"line":16,"column":20},"end":{"line":31,"column":6}},"7":{"start":{"line":17,"column":20},"end":{"line":19,"column":32}},"8":{"start":{"line":21,"column":20},"end":{"line":25,"column":7}},"9":{"start":{"line":27,"column":6},"end":{"line":30,"column":7}},"10":{"start":{"line":33,"column":4},"end":{"line":36,"column":7}},"11":{"start":{"line":39,"column":4},"end":{"line":45,"column":7}},"12":{"start":{"line":47,"column":4},"end":{"line":47,"column":35}},"13":{"start":{"line":51,"column":27},"end":{"line":77,"column":1}},"14":{"start":{"line":51,"column":36},"end":{"line":77,"column":1}},"15":{"start":{"line":52,"column":2},"end":{"line":76,"column":3}},"16":{"start":{"line":53,"column":4},"end":{"line":53,"column":34}},"17":{"start":{"line":54,"column":4},"end":{"line":57,"column":7}},"18":{"start":{"line":59,"column":33},"end":{"line":59,"column":74}},"19":{"start":{"line":61,"column":4},"end":{"line":64,"column":7}},"20":{"start":{"line":67,"column":4},"end":{"line":73,"column":7}},"21":{"start":{"line":75,"column":4},"end":{"line":75,"column":35}},"22":{"start":{"line":79,"column":27},"end":{"line":111,"column":1}},"23":{"start":{"line":79,"column":50},"end":{"line":111,"column":1}},"24":{"start":{"line":80,"column":2},"end":{"line":110,"column":3}},"25":{"start":{"line":81,"column":4},"end":{"line":81,"column":34}},"26":{"start":{"line":82,"column":4},"end":{"line":85,"column":7}},"27":{"start":{"line":87,"column":33},"end":{"line":87,"column":78}},"28":{"start":{"line":89,"column":4},"end":{"line":92,"column":7}},"29":{"start":{"line":94,"column":4},"end":{"line":94,"column":54}},"30":{"start":{"line":97,"column":4},"end":{"line":103,"column":7}},"31":{"start":{"line":105,"column":4},"end":{"line":105,"column":35}},"32":{"start":{"line":106,"column":4},"end":{"line":109,"column":7}},"33":{"start":{"line":113,"column":32},"end":{"line":116,"column":2}},"34":{"start":{"line":113,"column":41},"end":{"line":116,"column":1}}},"fnMap":{"0":{"name":"(anonymous_0)","decl":{"start":{"line":6,"column":28},"end":{"line":6,"column":29}},"loc":{"start":{"line":6,"column":36},"end":{"line":49,"column":1}},"line":6},"1":{"name":"(anonymous_1)","decl":{"start":{"line":6,"column":36},"end":{"line":6,"column":37}},"loc":{"start":{"line":6,"column":54},"end":{"line":49,"column":1}},"line":6},"2":{"name":"(anonymous_2)","decl":{"start":{"line":16,"column":31},"end":{"line":16,"column":32}},"loc":{"start":{"line":16,"column":41},"end":{"line":31,"column":5}},"line":16},"3":{"name":"(anonymous_3)","decl":{"start":{"line":51,"column":27},"end":{"line":51,"column":28}},"loc":{"start":{"line":51,"column":36},"end":{"line":77,"column":1}},"line":51},"4":{"name":"(anonymous_4)","decl":{"start":{"line":51,"column":36},"end":{"line":51,"column":37}},"loc":{"start":{"line":51,"column":54},"end":{"line":77,"column":1}},"line":51},"5":{"name":"(anonymous_5)","decl":{"start":{"line":79,"column":27},"end":{"line":79,"column":28}},"loc":{"start":{"line":79,"column":50},"end":{"line":111,"column":1}},"line":79},"6":{"name":"(anonymous_6)","decl":{"start":{"line":79,"column":50},"end":{"line":79,"column":51}},"loc":{"start":{"line":79,"column":68},"end":{"line":111,"column":1}},"line":79},"7":{"name":"(anonymous_7)","decl":{"start":{"line":113,"column":32},"end":{"line":113,"column":33}},"loc":{"start":{"line":113,"column":41},"end":{"line":116,"column":1}},"line":113}},"branchMap":{"0":{"loc":{"start":{"line":17,"column":20},"end":{"line":19,"column":32}},"type":"binary-expr","locations":[{"start":{"line":17,"column":20},"end":{"line":17,"column":35}},{"start":{"line":18,"column":11},"end":{"line":18,"column":29}},{"start":{"line":19,"column":11},"end":{"line":19,"column":32}}],"line":17},"1":{"loc":{"start":{"line":22,"column":8},"end":{"line":24,"column":32}},"type":"binary-expr","locations":[{"start":{"line":22,"column":8},"end":{"line":22,"column":23}},{"start":{"line":23,"column":11},"end":{"line":23,"column":29}},{"start":{"line":24,"column":11},"end":{"line":24,"column":32}}],"line":22},"2":{"loc":{"start":{"line":63,"column":14},"end":{"line":63,"column":26}},"type":"binary-expr","locations":[{"start":{"line":63,"column":14},"end":{"line":63,"column":20}},{"start":{"line":63,"column":24},"end":{"line":63,"column":26}}],"line":63}},"s":{"0":1,"1":2,"2":2,"3":2,"4":2,"5":2,"6":1,"7":2,"8":2,"9":2,"10":1,"11":1,"12":2,"13":1,"14":2,"15":2,"16":2,"17":2,"18":2,"19":1,"20":1,"21":2,"22":1,"23":2,"24":2,"25":2,"26":2,"27":2,"28":1,"29":1,"30":1,"31":2,"32":2,"33":1,"34":1},"f":{"0":2,"1":2,"2":2,"3":2,"4":2,"5":2,"6":2,"7":1},"b":{"0":[2,0,0],"1":[2,0,0],"2":[1,0]},"_coverageSchema":"43e27e138ebf9cfc5966b082cf9a028302ed4184","hash":"6f7b9c9f268d27ab9de8de00ed504609e661dd41"}
,"C:\\Users\\gabri\\Projetos\\myCocktail\\src\\pages\\List\\listReducer.js": {"path":"C:\\Users\\gabri\\Projetos\\myCocktail\\src\\pages\\List\\listReducer.js","statementMap":{"0":{"start":{"line":1,"column":22},"end":{"line":7,"column":1}},"1":{"start":{"line":9,"column":20},"end":{"line":32,"column":1}},"2":{"start":{"line":10,"column":2},"end":{"line":31,"column":3}},"3":{"start":{"line":12,"column":6},"end":{"line":12,"column":53}},"4":{"start":{"line":15,"column":6},"end":{"line":15,"column":54}},"5":{"start":{"line":18,"column":6},"end":{"line":18,"column":48}},"6":{"start":{"line":21,"column":6},"end":{"line":21,"column":48}},"7":{"start":{"line":24,"column":6},"end":{"line":24,"column":50}},"8":{"start":{"line":27,"column":6},"end":{"line":27,"column":54}},"9":{"start":{"line":30,"column":6},"end":{"line":30,"column":19}}},"fnMap":{"0":{"name":"(anonymous_0)","decl":{"start":{"line":9,"column":20},"end":{"line":9,"column":21}},"loc":{"start":{"line":9,"column":55},"end":{"line":32,"column":1}},"line":9}},"branchMap":{"0":{"loc":{"start":{"line":9,"column":21},"end":{"line":9,"column":42}},"type":"default-arg","locations":[{"start":{"line":9,"column":29},"end":{"line":9,"column":42}}],"line":9},"1":{"loc":{"start":{"line":10,"column":2},"end":{"line":31,"column":3}},"type":"switch","locations":[{"start":{"line":11,"column":4},"end":{"line":12,"column":53}},{"start":{"line":14,"column":4},"end":{"line":15,"column":54}},{"start":{"line":17,"column":4},"end":{"line":18,"column":48}},{"start":{"line":20,"column":4},"end":{"line":21,"column":48}},{"start":{"line":23,"column":4},"end":{"line":24,"column":50}},{"start":{"line":26,"column":4},"end":{"line":27,"column":54}},{"start":{"line":29,"column":4},"end":{"line":30,"column":19}}],"line":10}},"s":{"0":1,"1":1,"2":7,"3":1,"4":1,"5":1,"6":1,"7":1,"8":1,"9":1},"f":{"0":7},"b":{"0":[6],"1":[1,1,1,1,1,1,1]},"_coverageSchema":"43e27e138ebf9cfc5966b082cf9a028302ed4184","hash":"b82a1a6f43bd67839d2e7600e3169c4df594288c"}
,"C:\\Users\\gabri\\Projetos\\myCocktail\\src\\shared\\utils\\transformString.js": {"path":"C:\\Users\\gabri\\Projetos\\myCocktail\\src\\shared\\utils\\transformString.js","statementMap":{"0":{"start":{"line":1,"column":24},"end":{"line":9,"column":1}},"1":{"start":{"line":3,"column":20},"end":{"line":3,"column":82}},"2":{"start":{"line":4,"column":2},"end":{"line":6,"column":28}},"3":{"start":{"line":8,"column":2},"end":{"line":8,"column":21}}},"fnMap":{"0":{"name":"(anonymous_0)","decl":{"start":{"line":1,"column":24},"end":{"line":1,"column":25}},"loc":{"start":{"line":1,"column":41},"end":{"line":9,"column":1}},"line":1}},"branchMap":{"0":{"loc":{"start":{"line":1,"column":25},"end":{"line":1,"column":36}},"type":"default-arg","locations":[{"start":{"line":1,"column":34},"end":{"line":1,"column":36}}],"line":1}},"s":{"0":2,"1":4,"2":4,"3":4},"f":{"0":4},"b":{"0":[1]},"_coverageSchema":"43e27e138ebf9cfc5966b082cf9a028302ed4184","hash":"ff64222e41618779ff151e2f98fd360eda7d7cd4"}
}
