{"C:\\Users\\gabri\\Projetos\\myCocktail\\src\\pages\\mainReducer.js": {"path":"C:\\Users\\gabri\\Projetos\\myCocktail\\src\\pages\\mainReducer.js","statementMap":{"0":{"start":{"line":1,"column":22},"end":{"line":9,"column":1}},"1":{"start":{"line":11,"column":20},"end":{"line":45,"column":1}},"2":{"start":{"line":12,"column":2},"end":{"line":44,"column":3}},"3":{"start":{"line":14,"column":6},"end":{"line":14,"column":40}},"4":{"start":{"line":17,"column":6},"end":{"line":17,"column":41}},"5":{"start":{"line":20,"column":6},"end":{"line":20,"column":52}},"6":{"start":{"line":23,"column":6},"end":{"line":30,"column":7}},"7":{"start":{"line":33,"column":6},"end":{"line":40,"column":7}},"8":{"start":{"line":43,"column":6},"end":{"line":43,"column":19}}},"fnMap":{"0":{"name":"(anonymous_0)","decl":{"start":{"line":11,"column":20},"end":{"line":11,"column":21}},"loc":{"start":{"line":11,"column":55},"end":{"line":45,"column":1}},"line":11}},"branchMap":{"0":{"loc":{"start":{"line":11,"column":21},"end":{"line":11,"column":42}},"type":"default-arg","locations":[{"start":{"line":11,"column":29},"end":{"line":11,"column":42}}],"line":11},"1":{"loc":{"start":{"line":12,"column":2},"end":{"line":44,"column":3}},"type":"switch","locations":[{"start":{"line":13,"column":4},"end":{"line":14,"column":40}},{"start":{"line":16,"column":4},"end":{"line":17,"column":41}},{"start":{"line":19,"column":4},"end":{"line":20,"column":52}},{"start":{"line":22,"column":4},"end":{"line":30,"column":7}},{"start":{"line":32,"column":4},"end":{"line":40,"column":7}},{"start":{"line":42,"column":4},"end":{"line":43,"column":19}}],"line":12}},"s":{"0":2,"1":2,"2":7,"3":1,"4":1,"5":2,"6":1,"7":1,"8":1},"f":{"0":7},"b":{"0":[5],"1":[1,1,2,1,1,1]},"_coverageSchema":"43e27e138ebf9cfc5966b082cf9a028302ed4184","hash":"ce5d6270faa8d5baa0736f70be3bb6067f8ee0c8"}
,"C:\\Users\\gabri\\Projetos\\myCocktail\\src\\pages\\List\\listReducer.js": {"path":"C:\\Users\\gabri\\Projetos\\myCocktail\\src\\pages\\List\\listReducer.js","statementMap":{"0":{"start":{"line":1,"column":22},"end":{"line":7,"column":1}},"1":{"start":{"line":9,"column":20},"end":{"line":32,"column":1}},"2":{"start":{"line":10,"column":2},"end":{"line":31,"column":3}},"3":{"start":{"line":12,"column":6},"end":{"line":12,"column":53}},"4":{"start":{"line":15,"column":6},"end":{"line":15,"column":54}},"5":{"start":{"line":18,"column":6},"end":{"line":18,"column":48}},"6":{"start":{"line":21,"column":6},"end":{"line":21,"column":48}},"7":{"start":{"line":24,"column":6},"end":{"line":24,"column":50}},"8":{"start":{"line":27,"column":6},"end":{"line":27,"column":54}},"9":{"start":{"line":30,"column":6},"end":{"line":30,"column":19}}},"fnMap":{"0":{"name":"(anonymous_0)","decl":{"start":{"line":9,"column":20},"end":{"line":9,"column":21}},"loc":{"start":{"line":9,"column":55},"end":{"line":32,"column":1}},"line":9}},"branchMap":{"0":{"loc":{"start":{"line":9,"column":21},"end":{"line":9,"column":42}},"type":"default-arg","locations":[{"start":{"line":9,"column":29},"end":{"line":9,"column":42}}],"line":9},"1":{"loc":{"start":{"line":10,"column":2},"end":{"line":31,"column":3}},"type":"switch","locations":[{"start":{"line":11,"column":4},"end":{"line":12,"column":53}},{"start":{"line":14,"column":4},"end":{"line":15,"column":54}},{"start":{"line":17,"column":4},"end":{"line":18,"column":48}},{"start":{"line":20,"column":4},"end":{"line":21,"column":48}},{"start":{"line":23,"column":4},"end":{"line":24,"column":50}},{"start":{"line":26,"column":4},"end":{"line":27,"column":54}},{"start":{"line":29,"column":4},"end":{"line":30,"column":19}}],"line":10}},"s":{"0":1,"1":1,"2":7,"3":1,"4":1,"5":1,"6":1,"7":1,"8":1,"9":1},"f":{"0":7},"b":{"0":[6],"1":[1,1,1,1,1,1,1]},"_coverageSchema":"43e27e138ebf9cfc5966b082cf9a028302ed4184","hash":"b82a1a6f43bd67839d2e7600e3169c4df594288c"}
}
