TN:
SF:C:\Users\Gabriel Carvalho\Projetos\myCocktail\src\enviroments.js
FNF:0
FNH:0
DA:1,2
DA:3,2
LF:2
LH:2
BRF:0
BRH:0
end_of_record
TN:
SF:C:\Users\Gabriel Carvalho\Projetos\myCocktail\src\pages\mainActions.js
FN:4,(anonymous_0)
FN:4,(anonymous_1)
FNF:2
FNH:2
FNDA:2,(anonymous_0)
FNDA:2,(anonymous_1)
DA:4,2
DA:5,2
DA:7,2
DA:11,2
DA:13,1
DA:18,1
DA:21,1
DA:29,2
LF:8
LH:8
BRF:0
BRH:0
end_of_record
TN:
SF:C:\Users\Gabriel Carvalho\Projetos\myCocktail\src\pages\mainReducer.js
FN:11,(anonymous_0)
FNF:1
FNH:1
FNDA:6,(anonymous_0)
DA:1,1
DA:11,1
DA:12,6
DA:14,1
DA:17,1
DA:20,1
DA:23,1
DA:33,1
DA:43,1
LF:9
LH:9
BRDA:11,0,0,5
BRDA:12,1,0,1
BRDA:12,1,1,1
BRDA:12,1,2,1
BRDA:12,1,3,1
BRDA:12,1,4,1
BRDA:12,1,5,1
BRF:7
BRH:7
end_of_record
TN:
SF:C:\Users\Gabriel Carvalho\Projetos\myCocktail\src\pages\List\hooks.js
FN:4,(anonymous_0)
FN:13,(anonymous_1)
FN:18,(anonymous_2)
FN:27,(anonymous_3)
FNF:4
FNH:4
FNDA:7,(anonymous_0)
FNDA:1,(anonymous_1)
FNDA:1,(anonymous_2)
FNDA:2,(anonymous_3)
DA:4,1
DA:5,7
DA:7,7
DA:8,7
DA:10,7
DA:13,1
DA:19,1
DA:21,1
DA:28,2
DA:30,2
LF:10
LH:10
BRDA:30,0,0,1
BRDA:30,0,1,1
BRF:2
BRH:2
end_of_record
TN:
SF:C:\Users\Gabriel Carvalho\Projetos\myCocktail\src\pages\List\listActions.js
FN:6,(anonymous_0)
FN:6,(anonymous_1)
FN:16,(anonymous_2)
FN:51,(anonymous_3)
FN:51,(anonymous_4)
FN:79,(anonymous_5)
FN:79,(anonymous_6)
FN:113,(anonymous_7)
FNF:8
FNH:8
FNDA:2,(anonymous_0)
FNDA:2,(anonymous_1)
FNDA:2,(anonymous_2)
FNDA:2,(anonymous_3)
FNDA:2,(anonymous_4)
FNDA:2,(anonymous_5)
FNDA:2,(anonymous_6)
FNDA:1,(anonymous_7)
DA:6,2
DA:7,2
DA:8,2
DA:9,2
DA:14,2
DA:16,1
DA:17,2
DA:21,2
DA:27,2
DA:33,1
DA:39,1
DA:47,2
DA:51,2
DA:52,2
DA:53,2
DA:54,2
DA:59,2
DA:61,1
DA:67,1
DA:75,2
DA:79,2
DA:80,2
DA:81,2
DA:82,2
DA:87,2
DA:89,1
DA:94,1
DA:97,1
DA:105,2
DA:106,2
DA:113,1
LF:31
LH:31
BRDA:17,0,0,2
BRDA:17,0,1,0
BRDA:17,0,2,0
BRDA:22,1,0,2
BRDA:22,1,1,0
BRDA:22,1,2,0
BRDA:63,2,0,1
BRDA:63,2,1,0
BRF:8
BRH:3
end_of_record
TN:
SF:C:\Users\Gabriel Carvalho\Projetos\myCocktail\src\pages\List\listReducer.js
FN:9,(anonymous_0)
FNF:1
FNH:1
FNDA:7,(anonymous_0)
DA:1,1
DA:9,1
DA:10,7
DA:12,1
DA:15,1
DA:18,1
DA:21,1
DA:24,1
DA:27,1
DA:30,1
LF:10
LH:10
BRDA:9,0,0,6
BRDA:10,1,0,1
BRDA:10,1,1,1
BRDA:10,1,2,1
BRDA:10,1,3,1
BRDA:10,1,4,1
BRDA:10,1,5,1
BRDA:10,1,6,1
BRF:8
BRH:8
end_of_record
TN:
SF:C:\Users\Gabriel Carvalho\Projetos\myCocktail\src\shared\utils\testHooks.js
FN:7,testHook
FN:8,(anonymous_1)
FNF:2
FNH:2
FNDA:4,testHook
FNDA:7,(anonymous_1)
DA:8,4
DA:9,7
DA:12,4
DA:17,4
LF:4
LH:4
BRF:0
BRH:0
end_of_record
TN:
SF:C:\Users\Gabriel Carvalho\Projetos\myCocktail\src\shared\utils\transformString.js
FN:1,(anonymous_0)
FNF:1
FNH:1
FNDA:4,(anonymous_0)
DA:1,2
DA:3,4
DA:4,4
DA:8,4
LF:4
LH:4
BRDA:1,0,0,1
BRF:1
BRH:1
end_of_record
