TN:
SF:C:\Users\gabri\Projetos\myCocktail\src\pages\mainReducer.js
FN:11,(anonymous_0)
FNF:1
FNH:1
FNDA:7,(anonymous_0)
DA:1,2
DA:11,2
DA:12,7
DA:14,1
DA:17,1
DA:20,2
DA:23,1
DA:33,1
DA:43,1
LF:9
LH:9
BRDA:11,0,0,5
BRDA:12,1,0,1
BRDA:12,1,1,1
BRDA:12,1,2,2
BRDA:12,1,3,1
BRDA:12,1,4,1
BRDA:12,1,5,1
BRF:7
BRH:7
end_of_record
TN:
SF:C:\Users\gabri\Projetos\myCocktail\src\pages\List\listReducer.js
FN:9,(anonymous_0)
FNF:1
FNH:1
FNDA:7,(anonymous_0)
DA:1,1
DA:9,1
DA:10,7
DA:12,1
DA:15,1
DA:18,1
DA:21,1
DA:24,1
DA:27,1
DA:30,1
LF:10
LH:10
BRDA:9,0,0,6
BRDA:10,1,0,1
BRDA:10,1,1,1
BRDA:10,1,2,1
BRDA:10,1,3,1
BRDA:10,1,4,1
BRDA:10,1,5,1
BRDA:10,1,6,1
BRF:8
BRH:8
end_of_record
